<?xml version="1.0" encoding="UTF-8"?>
<!-- Generated by org.testng.reporters.JUnitReportReporter -->
<testsuite skipped="0" hostname="DESKTOP-C39IE4K" name="RunnerClass" tests="1" failures="0" timestamp="31 Jul 2018 07:53:46 GMT" time="12.577" errors="0">
  <testcase name="f" time="12.577" classname="RunnerClass"/>
</testsuite> <!-- RunnerClass -->
